--------------------------------------------------------------------------------
Release 14.7 Trace  (nt)
Copyright (c) 1995-2013 Xilinx, Inc.  All rights reserved.

D:\Xilinx\14.7\ISE_DS\ISE\bin\nt\unwrapped\trce.exe -intstyle ise -v 3 -s 4 -n
3 -fastpaths -xml bcd_to_7led_bh.twx bcd_to_7led_bh.ncd -o bcd_to_7led_bh.twr
bcd_to_7led_bh.pcf -ucf bcd.ucf

Design file:              bcd_to_7led_bh.ncd
Physical constraint file: bcd_to_7led_bh.pcf
Device,package,speed:     xc3s100e,cp132,-4 (PRODUCTION 1.27 2013-10-13)
Report level:             verbose report

Environment Variable      Effect 
--------------------      ------ 
NONE                      No environment variables were set
--------------------------------------------------------------------------------

INFO:Timing:2698 - No timing constraints found, doing default enumeration.
INFO:Timing:3412 - To improve timing, see the Timing Closure User Guide (UG612).
INFO:Timing:2752 - To get complete path coverage, use the unconstrained paths 
   option. All paths that are not constrained will be reported in the 
   unconstrained paths section(s) of the report.
INFO:Timing:3339 - The clock-to-out numbers in this timing report are based on 
   a 50 Ohm transmission line loading model.  For the details of this model, 
   and for more information on accounting for different loading conditions, 
   please see the device datasheet.
INFO:Timing:3390 - This architecture does not support a default System Jitter 
   value, please add SYSTEM_JITTER constraint to the UCF to modify the Clock 
   Uncertainty calculation.
INFO:Timing:3389 - This architecture does not support 'Discrete Jitter' and 
   'Phase Error' calculations, these terms will be zero in the Clock 
   Uncertainty calculation.  Please make appropriate modification to 
   SYSTEM_JITTER to account for the unsupported Discrete Jitter and Phase 
   Error.



Data Sheet report:
-----------------
All values displayed in nanoseconds (ns)

Pad to Pad
---------------+---------------+---------+
Source Pad     |Destination Pad|  Delay  |
---------------+---------------+---------+
sw0            |a              |    7.221|
sw0            |b              |    7.321|
sw0            |c              |    7.153|
sw0            |d              |    7.060|
sw0            |e              |    6.916|
sw0            |f              |    6.776|
sw0            |g              |    7.036|
sw1            |a              |    8.172|
sw1            |b              |    8.232|
sw1            |c              |    8.976|
sw1            |d              |    8.873|
sw1            |e              |    8.191|
sw1            |f              |    8.654|
sw1            |g              |    8.794|
sw2            |a              |    8.306|
sw2            |b              |    8.431|
sw2            |c              |    8.096|
sw2            |d              |    7.836|
sw2            |e              |    7.999|
sw2            |f              |    7.610|
sw2            |g              |    7.939|
sw3            |a              |    8.901|
sw3            |b              |    8.966|
sw3            |c              |    8.515|
sw3            |d              |    8.243|
sw3            |e              |    8.517|
sw3            |f              |    7.986|
sw3            |g              |    8.393|
---------------+---------------+---------+


Analysis completed Wed Jan 30 16:26:58 2019 
--------------------------------------------------------------------------------

Trace Settings:
-------------------------
Trace Settings 

Peak Memory Usage: 131 MB



