--------------------------------------------------------------------------------
Release 14.7 Trace  (nt)
Copyright (c) 1995-2013 Xilinx, Inc.  All rights reserved.

D:\Xilinx\14.7\ISE_DS\ISE\bin\nt\unwrapped\trce.exe -intstyle ise -v 3 -s 4 -n
3 -fastpaths -xml sprinkler_circuit_updated.twx sprinkler_circuit_updated.ncd
-o sprinkler_circuit_updated.twr sprinkler_circuit_updated.pcf -ucf sc.ucf

Design file:              sprinkler_circuit_updated.ncd
Physical constraint file: sprinkler_circuit_updated.pcf
Device,package,speed:     xc3s100e,cp132,-4 (PRODUCTION 1.27 2013-10-13)
Report level:             verbose report

Environment Variable      Effect 
--------------------      ------ 
NONE                      No environment variables were set
--------------------------------------------------------------------------------

INFO:Timing:2698 - No timing constraints found, doing default enumeration.
INFO:Timing:3412 - To improve timing, see the Timing Closure User Guide (UG612).
INFO:Timing:2752 - To get complete path coverage, use the unconstrained paths 
   option. All paths that are not constrained will be reported in the 
   unconstrained paths section(s) of the report.
INFO:Timing:3339 - The clock-to-out numbers in this timing report are based on 
   a 50 Ohm transmission line loading model.  For the details of this model, 
   and for more information on accounting for different loading conditions, 
   please see the device datasheet.
INFO:Timing:3390 - This architecture does not support a default System Jitter 
   value, please add SYSTEM_JITTER constraint to the UCF to modify the Clock 
   Uncertainty calculation.
INFO:Timing:3389 - This architecture does not support 'Discrete Jitter' and 
   'Phase Error' calculations, these terms will be zero in the Clock 
   Uncertainty calculation.  Please make appropriate modification to 
   SYSTEM_JITTER to account for the unsupported Discrete Jitter and Phase 
   Error.



Data Sheet report:
-----------------
All values displayed in nanoseconds (ns)

Pad to Pad
---------------+---------------+---------+
Source Pad     |Destination Pad|  Delay  |
---------------+---------------+---------+
a              |d0             |    7.390|
a              |d1             |    8.591|
a              |d2             |    7.823|
a              |d3             |    8.517|
a              |d4             |    8.508|
a              |d5             |    7.003|
a              |d6             |    7.804|
a              |d7             |    7.771|
b              |d0             |    7.229|
b              |d1             |    7.668|
b              |d2             |    8.311|
b              |d3             |    7.551|
b              |d4             |    7.507|
b              |d5             |    7.426|
b              |d6             |    6.850|
b              |d7             |    7.575|
c              |d0             |    7.772|
c              |d1             |    7.243|
c              |d2             |    7.398|
c              |d3             |    6.962|
c              |d4             |    6.893|
c              |d5             |    6.551|
c              |d6             |    6.418|
c              |d7             |    8.158|
enable         |d0             |    6.753|
enable         |d1             |    7.216|
enable         |d2             |    6.881|
enable         |d3             |    6.990|
enable         |d4             |    6.986|
enable         |d5             |    6.003|
enable         |d6             |    6.456|
enable         |d7             |    7.074|
---------------+---------------+---------+


Analysis completed Wed Jan 30 15:56:46 2019 
--------------------------------------------------------------------------------

Trace Settings:
-------------------------
Trace Settings 

Peak Memory Usage: 130 MB



