Release 14.7 - xst P.20131013 (nt)
Copyright (c) 1995-2013 Xilinx, Inc.  All rights reserved.
--> Parameter TMPDIR set to xst/projnav.tmp


Total REAL time to Xst completion: 0.00 secs
Total CPU time to Xst completion: 0.08 secs
 
--> Parameter xsthdpdir set to xst


Total REAL time to Xst completion: 0.00 secs
Total CPU time to Xst completion: 0.08 secs
 
--> Reading design: carrylookahead_st.prj

TABLE OF CONTENTS
  1) Synthesis Options Summary
  2) HDL Compilation
  3) Design Hierarchy Analysis
  4) HDL Analysis
  5) HDL Synthesis
     5.1) HDL Synthesis Report
  6) Advanced HDL Synthesis
     6.1) Advanced HDL Synthesis Report
  7) Low Level Synthesis
  8) Partition Report
  9) Final Report
	9.1) Device utilization summary
	9.2) Partition Resource Summary
	9.3) TIMING REPORT


=========================================================================
*                      Synthesis Options Summary                        *
=========================================================================
---- Source Parameters
Input File Name                    : "carrylookahead_st.prj"
Input Format                       : mixed
Ignore Synthesis Constraint File   : NO

---- Target Parameters
Output File Name                   : "carrylookahead_st"
Output Format                      : NGC
Target Device                      : xc3s100e-4-cp132

---- Source Options
Top Module Name                    : carrylookahead_st
Automatic FSM Extraction           : YES
FSM Encoding Algorithm             : Auto
Safe Implementation                : No
FSM Style                          : LUT
RAM Extraction                     : Yes
RAM Style                          : Auto
ROM Extraction                     : Yes
Mux Style                          : Auto
Decoder Extraction                 : YES
Priority Encoder Extraction        : Yes
Shift Register Extraction          : YES
Logical Shifter Extraction         : YES
XOR Collapsing                     : YES
ROM Style                          : Auto
Mux Extraction                     : Yes
Resource Sharing                   : YES
Asynchronous To Synchronous        : NO
Multiplier Style                   : Auto
Automatic Register Balancing       : No

---- Target Options
Add IO Buffers                     : YES
Global Maximum Fanout              : 100000
Add Generic Clock Buffer(BUFG)     : 24
Register Duplication               : YES
Slice Packing                      : YES
Optimize Instantiated Primitives   : NO
Use Clock Enable                   : Yes
Use Synchronous Set                : Yes
Use Synchronous Reset              : Yes
Pack IO Registers into IOBs        : Auto
Equivalent register Removal        : YES

---- General Options
Optimization Goal                  : Speed
Optimization Effort                : 1
Keep Hierarchy                     : No
Netlist Hierarchy                  : As_Optimized
RTL Output                         : Yes
Global Optimization                : AllClockNets
Read Cores                         : YES
Write Timing Constraints           : NO
Cross Clock Analysis               : NO
Hierarchy Separator                : /
Bus Delimiter                      : <>
Case Specifier                     : Maintain
Slice Utilization Ratio            : 100
BRAM Utilization Ratio             : 100
Verilog 2001                       : YES
Auto BRAM Packing                  : NO
Slice Utilization Ratio Delta      : 5

=========================================================================


=========================================================================
*                          HDL Compilation                              *
=========================================================================
Compiling verilog file "register_logic.v" in library work
Compiling verilog file "falogic.v" in library work
Module <register_logic> compiled
Compiling verilog file "carrylogic.v" in library work
Module <falogic> compiled
Compiling verilog file "carrylookahead_st.v" in library work
Module <carrylogic> compiled
Module <carrylookahead_st> compiled
No errors in compilation
Analysis of file <"carrylookahead_st.prj"> succeeded.
 

=========================================================================
*                     Design Hierarchy Analysis                         *
=========================================================================
Analyzing hierarchy for module <carrylookahead_st> in library <work>.

Analyzing hierarchy for module <carrylogic> in library <work>.

Analyzing hierarchy for module <falogic> in library <work>.

Analyzing hierarchy for module <register_logic> in library <work>.


=========================================================================
*                            HDL Analysis                               *
=========================================================================
Analyzing top module <carrylookahead_st>.
Module <carrylookahead_st> is correct for synthesis.
 
Analyzing module <carrylogic> in library <work>.
Module <carrylogic> is correct for synthesis.
 
Analyzing module <falogic> in library <work>.
Module <falogic> is correct for synthesis.
 
Analyzing module <register_logic> in library <work>.
Module <register_logic> is correct for synthesis.
 

=========================================================================
*                           HDL Synthesis                               *
=========================================================================

Performing bidirectional port resolution...

Synthesizing Unit <carrylogic>.
    Related source file is "carrylogic.v".
    Found 1-bit adder for signal <p0>.
    Found 1-bit adder for signal <p1>.
    Found 1-bit adder for signal <p2>.
    Found 1-bit adder for signal <p3>.
    Summary:
	inferred   4 Adder/Subtractor(s).
Unit <carrylogic> synthesized.


Synthesizing Unit <falogic>.
    Related source file is "falogic.v".
    Found 1-bit xor3 for signal <r>.
    Summary:
	inferred   1 Xor(s).
Unit <falogic> synthesized.


Synthesizing Unit <register_logic>.
    Related source file is "register_logic.v".
    Found 5-bit register for signal <Q>.
    Summary:
	inferred   5 D-type flip-flop(s).
Unit <register_logic> synthesized.


Synthesizing Unit <carrylookahead_st>.
    Related source file is "carrylookahead_st.v".
Unit <carrylookahead_st> synthesized.


=========================================================================
HDL Synthesis Report

Macro Statistics
# Adders/Subtractors                                   : 4
 1-bit adder                                           : 4
# Registers                                            : 1
 5-bit register                                        : 1
# Xors                                                 : 4
 1-bit xor3                                            : 4

=========================================================================

=========================================================================
*                       Advanced HDL Synthesis                          *
=========================================================================


=========================================================================
Advanced HDL Synthesis Report

Macro Statistics
# Adders/Subtractors                                   : 4
 1-bit adder                                           : 4
# Registers                                            : 5
 Flip-Flops                                            : 5
# Xors                                                 : 4
 1-bit xor3                                            : 4

=========================================================================

=========================================================================
*                         Low Level Synthesis                           *
=========================================================================

Optimizing unit <carrylookahead_st> ...

Mapping all equations...
Building and optimizing final netlist ...
Found area constraint ratio of 100 (+ 5) on block carrylookahead_st, actual ratio is 0.

Final Macro Processing ...

=========================================================================
Final Register Report

Macro Statistics
# Registers                                            : 5
 Flip-Flops                                            : 5

=========================================================================

=========================================================================
*                           Partition Report                            *
=========================================================================

Partition Implementation Status
-------------------------------

  No Partitions were found in this design.

-------------------------------

=========================================================================
*                            Final Report                               *
=========================================================================
Final Results
RTL Top Level Output File Name     : carrylookahead_st.ngr
Top Level Output File Name         : carrylookahead_st
Output Format                      : NGC
Optimization Goal                  : Speed
Keep Hierarchy                     : No

Design Statistics
# IOs                              : 16

Cell Usage :
# BELS                             : 8
#      LUT3                        : 8
# FlipFlops/Latches                : 5
#      FDE                         : 5
# Clock Buffers                    : 1
#      BUFGP                       : 1
# IO Buffers                       : 15
#      IBUF                        : 10
#      OBUF                        : 5
=========================================================================

Device utilization summary:
---------------------------

Selected Device : 3s100ecp132-4 

 Number of Slices:                        4  out of    960     0%  
 Number of 4 input LUTs:                  8  out of   1920     0%  
 Number of IOs:                          16
 Number of bonded IOBs:                  16  out of     83    19%  
    IOB Flip Flops:                       5
 Number of GCLKs:                         1  out of     24     4%  

---------------------------
Partition Resource Summary:
---------------------------

  No Partitions were found in this design.

---------------------------


=========================================================================
TIMING REPORT

NOTE: THESE TIMING NUMBERS ARE ONLY A SYNTHESIS ESTIMATE.
      FOR ACCURATE TIMING INFORMATION PLEASE REFER TO THE TRACE REPORT
      GENERATED AFTER PLACE-and-ROUTE.

Clock Information:
------------------
-----------------------------------+------------------------+-------+
Clock Signal                       | Clock buffer(FF name)  | Load  |
-----------------------------------+------------------------+-------+
clk                                | BUFGP                  | 5     |
-----------------------------------+------------------------+-------+

Asynchronous Control Signals Information:
----------------------------------------
No asynchronous control signals found in this design

Timing Summary:
---------------
Speed Grade: -4

   Minimum period: No path found
   Minimum input arrival time before clock: 6.550ns
   Maximum output required time after clock: 4.283ns
   Maximum combinational path delay: No path found

Timing Detail:
--------------
All values displayed in nanoseconds (ns)

=========================================================================
Timing constraint: Default OFFSET IN BEFORE for Clock 'clk'
  Total number of paths / destination ports: 38 / 10
-------------------------------------------------------------------------
Offset:              6.550ns (Levels of Logic = 5)
  Source:            x<0> (PAD)
  Destination:       cx10/Q_3 (FF)
  Destination Clock: clk rising

  Data Path: x<0> to cx10/Q_3
                                Gate     Net
    Cell:in->out      fanout   Delay   Delay  Logical Name (Net Name)
    ----------------------------------------  ------------
     IBUF:I->O             2   1.218   0.622  x_0_IBUF (x_0_IBUF)
     LUT3:I0->O            2   0.704   0.482  cx1/cout_0_or00001 (c<0>)
     LUT3:I2->O            2   0.704   0.482  cx1/cout_1_or00001 (c<1>)
     LUT3:I2->O            2   0.704   0.622  cx1/cout_2_or00001 (c<2>)
     LUT3:I0->O            1   0.704   0.000  cx9/Mxor_r_xo<0>1 (ir1<3>)
     FDE:D                     0.308          cx10/Q_3
    ----------------------------------------
    Total                      6.550ns (4.342ns logic, 2.208ns route)
                                       (66.3% logic, 33.7% route)

=========================================================================
Timing constraint: Default OFFSET OUT AFTER for Clock 'clk'
  Total number of paths / destination ports: 5 / 5
-------------------------------------------------------------------------
Offset:              4.283ns (Levels of Logic = 1)
  Source:            cx10/Q_4 (FF)
  Destination:       cout (PAD)
  Source Clock:      clk rising

  Data Path: cx10/Q_4 to cout
                                Gate     Net
    Cell:in->out      fanout   Delay   Delay  Logical Name (Net Name)
    ----------------------------------------  ------------
     FDE:C->Q              1   0.591   0.420  cx10/Q_4 (cx10/Q_4)
     OBUF:I->O                 3.272          cout_OBUF (cout)
    ----------------------------------------
    Total                      4.283ns (3.863ns logic, 0.420ns route)
                                       (90.2% logic, 9.8% route)

=========================================================================


Total REAL time to Xst completion: 3.00 secs
Total CPU time to Xst completion: 2.89 secs
 
--> 

Total memory usage is 268476 kilobytes

Number of errors   :    0 (   0 filtered)
Number of warnings :    0 (   0 filtered)
Number of infos    :    0 (   0 filtered)

