Release 14.7 - xst P.20131013 (nt)
Copyright (c) 1995-2013 Xilinx, Inc.  All rights reserved.
--> Parameter TMPDIR set to xst/projnav.tmp


Total REAL time to Xst completion: 1.00 secs
Total CPU time to Xst completion: 0.47 secs
 
--> Parameter xsthdpdir set to xst


Total REAL time to Xst completion: 1.00 secs
Total CPU time to Xst completion: 0.47 secs
 
--> Reading design: dispmux_main_bh.prj

TABLE OF CONTENTS
  1) Synthesis Options Summary
  2) HDL Compilation
  3) Design Hierarchy Analysis
  4) HDL Analysis
  5) HDL Synthesis
     5.1) HDL Synthesis Report
  6) Advanced HDL Synthesis
     6.1) Advanced HDL Synthesis Report
  7) Low Level Synthesis
  8) Partition Report
  9) Final Report
	9.1) Device utilization summary
	9.2) Partition Resource Summary
	9.3) TIMING REPORT


=========================================================================
*                      Synthesis Options Summary                        *
=========================================================================
---- Source Parameters
Input File Name                    : "dispmux_main_bh.prj"
Input Format                       : mixed
Ignore Synthesis Constraint File   : NO

---- Target Parameters
Output File Name                   : "dispmux_main_bh"
Output Format                      : NGC
Target Device                      : xc3s100e-4-cp132

---- Source Options
Top Module Name                    : dispmux_main_bh
Automatic FSM Extraction           : YES
FSM Encoding Algorithm             : Auto
Safe Implementation                : No
FSM Style                          : LUT
RAM Extraction                     : Yes
RAM Style                          : Auto
ROM Extraction                     : Yes
Mux Style                          : Auto
Decoder Extraction                 : YES
Priority Encoder Extraction        : Yes
Shift Register Extraction          : YES
Logical Shifter Extraction         : YES
XOR Collapsing                     : YES
ROM Style                          : Auto
Mux Extraction                     : Yes
Resource Sharing                   : YES
Asynchronous To Synchronous        : NO
Multiplier Style                   : Auto
Automatic Register Balancing       : No

---- Target Options
Add IO Buffers                     : YES
Global Maximum Fanout              : 100000
Add Generic Clock Buffer(BUFG)     : 24
Register Duplication               : YES
Slice Packing                      : YES
Optimize Instantiated Primitives   : NO
Use Clock Enable                   : Yes
Use Synchronous Set                : Yes
Use Synchronous Reset              : Yes
Pack IO Registers into IOBs        : Auto
Equivalent register Removal        : YES

---- General Options
Optimization Goal                  : Speed
Optimization Effort                : 1
Keep Hierarchy                     : No
Netlist Hierarchy                  : As_Optimized
RTL Output                         : Yes
Global Optimization                : AllClockNets
Read Cores                         : YES
Write Timing Constraints           : NO
Cross Clock Analysis               : NO
Hierarchy Separator                : /
Bus Delimiter                      : <>
Case Specifier                     : Maintain
Slice Utilization Ratio            : 100
BRAM Utilization Ratio             : 100
Verilog 2001                       : YES
Auto BRAM Packing                  : NO
Slice Utilization Ratio Delta      : 5

=========================================================================


=========================================================================
*                          HDL Compilation                              *
=========================================================================
Compiling verilog file "hexto7segment.v" in library work
Compiling verilog file "disp_mux_bh.v" in library work
Module <hexto7segment> compiled
Compiling verilog file "clkdiv.v" in library work
Module <disp_mux_bh> compiled
Compiling verilog file "dispmux_main_bh.v" in library work
Module <clkdiv> compiled
Compiling verilog file "Flight_Attendant_Call_Schematic.vf" in library work
Module <dispmux_main_bh> compiled
Module <Flight_Attendant_Call_Schematic> compiled
No errors in compilation
Analysis of file <"dispmux_main_bh.prj"> succeeded.
 

=========================================================================
*                     Design Hierarchy Analysis                         *
=========================================================================
Analyzing hierarchy for module <dispmux_main_bh> in library <work>.

Analyzing hierarchy for module <hexto7segment> in library <work>.

Analyzing hierarchy for module <clkdiv> in library <work>.

Analyzing hierarchy for module <disp_mux_bh> in library <work>.


=========================================================================
*                            HDL Analysis                               *
=========================================================================
Analyzing top module <dispmux_main_bh>.
Module <dispmux_main_bh> is correct for synthesis.
 
Analyzing module <hexto7segment> in library <work>.
Module <hexto7segment> is correct for synthesis.
 
Analyzing module <clkdiv> in library <work>.
Module <clkdiv> is correct for synthesis.
 
Analyzing module <disp_mux_bh> in library <work>.
Module <disp_mux_bh> is correct for synthesis.
 

=========================================================================
*                           HDL Synthesis                               *
=========================================================================

Performing bidirectional port resolution...

Synthesizing Unit <hexto7segment>.
    Related source file is "hexto7segment.v".
    Found 16x7-bit ROM for signal <zd>.
    Summary:
	inferred   1 ROM(s).
Unit <hexto7segment> synthesized.


Synthesizing Unit <clkdiv>.
    Related source file is "clkdiv.v".
    Found 16-bit up counter for signal <COUNT>.
    Summary:
	inferred   1 Counter(s).
Unit <clkdiv> synthesized.


Synthesizing Unit <disp_mux_bh>.
    Related source file is "disp_mux_bh.v".
    Found 4x4-bit ROM for signal <an>.
    Found 8-bit 4-to-1 multiplexer for signal <sseg>.
    Found 17-bit up counter for signal <r_qreg>.
    Summary:
	inferred   1 ROM(s).
	inferred   1 Counter(s).
	inferred   8 Multiplexer(s).
Unit <disp_mux_bh> synthesized.


Synthesizing Unit <dispmux_main_bh>.
    Related source file is "dispmux_main_bh.v".
WARNING:Xst:646 - Signal <slow_clk> is assigned but never used. This unconnected signal will be trimmed during the optimization process.
Unit <dispmux_main_bh> synthesized.


=========================================================================
HDL Synthesis Report

Macro Statistics
# ROMs                                                 : 5
 16x7-bit ROM                                          : 4
 4x4-bit ROM                                           : 1
# Counters                                             : 2
 16-bit up counter                                     : 1
 17-bit up counter                                     : 1
# Multiplexers                                         : 1
 8-bit 4-to-1 multiplexer                              : 1

=========================================================================

=========================================================================
*                       Advanced HDL Synthesis                          *
=========================================================================

WARNING:Xst:1290 - Hierarchical block <clkk> is unconnected in block <dispmux_main_bh>.
   It will be removed from the design.

=========================================================================
Advanced HDL Synthesis Report

Macro Statistics
# ROMs                                                 : 5
 16x7-bit ROM                                          : 4
 4x4-bit ROM                                           : 1
# Counters                                             : 2
 16-bit up counter                                     : 1
 17-bit up counter                                     : 1
# Multiplexers                                         : 1
 8-bit 4-to-1 multiplexer                              : 1

=========================================================================

=========================================================================
*                         Low Level Synthesis                           *
=========================================================================
WARNING:Xst:1989 - Unit <dispmux_main_bh>: instances <c1>, <c2> of unit <hexto7segment> are equivalent, second instance is removed
WARNING:Xst:1989 - Unit <dispmux_main_bh>: instances <c1>, <c3> of unit <hexto7segment> are equivalent, second instance is removed
WARNING:Xst:1989 - Unit <dispmux_main_bh>: instances <c1>, <c4> of unit <hexto7segment> are equivalent, second instance is removed
WARNING:Xst:2677 - Node <c5/r_qreg_2> of sequential type is unconnected in block <dispmux_main_bh>.
WARNING:Xst:2677 - Node <c5/r_qreg_3> of sequential type is unconnected in block <dispmux_main_bh>.
WARNING:Xst:2677 - Node <c5/r_qreg_4> of sequential type is unconnected in block <dispmux_main_bh>.
WARNING:Xst:2677 - Node <c5/r_qreg_5> of sequential type is unconnected in block <dispmux_main_bh>.
WARNING:Xst:2677 - Node <c5/r_qreg_6> of sequential type is unconnected in block <dispmux_main_bh>.
WARNING:Xst:2677 - Node <c5/r_qreg_7> of sequential type is unconnected in block <dispmux_main_bh>.
WARNING:Xst:2677 - Node <c5/r_qreg_8> of sequential type is unconnected in block <dispmux_main_bh>.
WARNING:Xst:2677 - Node <c5/r_qreg_9> of sequential type is unconnected in block <dispmux_main_bh>.
WARNING:Xst:2677 - Node <c5/r_qreg_10> of sequential type is unconnected in block <dispmux_main_bh>.
WARNING:Xst:2677 - Node <c5/r_qreg_11> of sequential type is unconnected in block <dispmux_main_bh>.
WARNING:Xst:2677 - Node <c5/r_qreg_12> of sequential type is unconnected in block <dispmux_main_bh>.
WARNING:Xst:2677 - Node <c5/r_qreg_13> of sequential type is unconnected in block <dispmux_main_bh>.
WARNING:Xst:2677 - Node <c5/r_qreg_14> of sequential type is unconnected in block <dispmux_main_bh>.
WARNING:Xst:2677 - Node <c5/r_qreg_15> of sequential type is unconnected in block <dispmux_main_bh>.
WARNING:Xst:2677 - Node <c5/r_qreg_16> of sequential type is unconnected in block <dispmux_main_bh>.

Optimizing unit <dispmux_main_bh> ...

Mapping all equations...
Building and optimizing final netlist ...
Found area constraint ratio of 100 (+ 5) on block dispmux_main_bh, actual ratio is 0.

Final Macro Processing ...

=========================================================================
Final Register Report

Macro Statistics
# Registers                                            : 2
 Flip-Flops                                            : 2

=========================================================================

=========================================================================
*                           Partition Report                            *
=========================================================================

Partition Implementation Status
-------------------------------

  No Partitions were found in this design.

-------------------------------

=========================================================================
*                            Final Report                               *
=========================================================================
Final Results
RTL Top Level Output File Name     : dispmux_main_bh.ngr
Top Level Output File Name         : dispmux_main_bh
Output Format                      : NGC
Optimization Goal                  : Speed
Keep Hierarchy                     : No

Design Statistics
# IOs                              : 17

Cell Usage :
# BELS                             : 18
#      GND                         : 1
#      INV                         : 1
#      LUT1                        : 1
#      LUT2                        : 4
#      LUT4                        : 7
#      MUXCY                       : 1
#      VCC                         : 1
#      XORCY                       : 2
# FlipFlops/Latches                : 2
#      FD                          : 2
# Clock Buffers                    : 1
#      BUFGP                       : 1
# IO Buffers                       : 16
#      IBUF                        : 4
#      OBUF                        : 12
=========================================================================

Device utilization summary:
---------------------------

Selected Device : 3s100ecp132-4 

 Number of Slices:                        7  out of    960     0%  
 Number of Slice Flip Flops:              2  out of   1920     0%  
 Number of 4 input LUTs:                 13  out of   1920     0%  
 Number of IOs:                          17
 Number of bonded IOBs:                  17  out of     83    20%  
 Number of GCLKs:                         1  out of     24     4%  

---------------------------
Partition Resource Summary:
---------------------------

  No Partitions were found in this design.

---------------------------


=========================================================================
TIMING REPORT

NOTE: THESE TIMING NUMBERS ARE ONLY A SYNTHESIS ESTIMATE.
      FOR ACCURATE TIMING INFORMATION PLEASE REFER TO THE TRACE REPORT
      GENERATED AFTER PLACE-and-ROUTE.

Clock Information:
------------------
-----------------------------------+------------------------+-------+
Clock Signal                       | Clock buffer(FF name)  | Load  |
-----------------------------------+------------------------+-------+
clk                                | BUFGP                  | 2     |
-----------------------------------+------------------------+-------+

Asynchronous Control Signals Information:
----------------------------------------
No asynchronous control signals found in this design

Timing Summary:
---------------
Speed Grade: -4

   Minimum period: 3.504ns (Maximum Frequency: 285.388MHz)
   Minimum input arrival time before clock: No path found
   Maximum output required time after clock: 5.795ns
   Maximum combinational path delay: 6.497ns

Timing Detail:
--------------
All values displayed in nanoseconds (ns)

=========================================================================
Timing constraint: Default period analysis for Clock 'clk'
  Clock period: 3.504ns (frequency: 285.388MHz)
  Total number of paths / destination ports: 3 / 2
-------------------------------------------------------------------------
Delay:               3.504ns (Levels of Logic = 3)
  Source:            c5/r_qreg_0 (FF)
  Destination:       c5/r_qreg_1 (FF)
  Source Clock:      clk rising
  Destination Clock: clk rising

  Data Path: c5/r_qreg_0 to c5/r_qreg_1
                                Gate     Net
    Cell:in->out      fanout   Delay   Delay  Logical Name (Net Name)
    ----------------------------------------  ------------
     FD:C->Q               5   0.591   0.633  c5/r_qreg_0 (c5/r_qreg_0)
     INV:I->O              1   0.704   0.000  c5/Mcount_r_qreg_lut<0>_INV_0 (c5/Mcount_r_qreg_lut<0>)
     MUXCY:S->O            0   0.464   0.000  c5/Mcount_r_qreg_cy<0> (c5/Mcount_r_qreg_cy<0>)
     XORCY:CI->O           1   0.804   0.000  c5/Mcount_r_qreg_xor<1> (Result<1>)
     FD:D                      0.308          c5/r_qreg_1
    ----------------------------------------
    Total                      3.504ns (2.871ns logic, 0.633ns route)
                                       (81.9% logic, 18.1% route)

=========================================================================
Timing constraint: Default OFFSET OUT AFTER for Clock 'clk'
  Total number of paths / destination ports: 8 / 4
-------------------------------------------------------------------------
Offset:              5.795ns (Levels of Logic = 2)
  Source:            c5/r_qreg_1 (FF)
  Destination:       an<3> (PAD)
  Source Clock:      clk rising

  Data Path: c5/r_qreg_1 to an<3>
                                Gate     Net
    Cell:in->out      fanout   Delay   Delay  Logical Name (Net Name)
    ----------------------------------------  ------------
     FD:C->Q               5   0.591   0.808  c5/r_qreg_1 (c5/r_qreg_1)
     LUT2:I0->O            1   0.704   0.420  c5/Mrom_an31 (an_3_OBUF)
     OBUF:I->O                 3.272          an_3_OBUF (an<3>)
    ----------------------------------------
    Total                      5.795ns (4.567ns logic, 1.228ns route)
                                       (78.8% logic, 21.2% route)

=========================================================================
Timing constraint: Default path analysis
  Total number of paths / destination ports: 28 / 7
-------------------------------------------------------------------------
Delay:               6.497ns (Levels of Logic = 3)
  Source:            sw1 (PAD)
  Destination:       sseg<6> (PAD)

  Data Path: sw1 to sseg<6>
                                Gate     Net
    Cell:in->out      fanout   Delay   Delay  Logical Name (Net Name)
    ----------------------------------------  ------------
     IBUF:I->O             7   1.218   0.883  sw1_IBUF (sw1_IBUF)
     LUT4:I0->O            1   0.704   0.420  c1/r<2>1 (in0<2>)
     OBUF:I->O                 3.272          sseg_2_OBUF (sseg<2>)
    ----------------------------------------
    Total                      6.497ns (5.194ns logic, 1.303ns route)
                                       (79.9% logic, 20.1% route)

=========================================================================


Total REAL time to Xst completion: 6.00 secs
Total CPU time to Xst completion: 6.07 secs
 
--> 

Total memory usage is 268092 kilobytes

Number of errors   :    0 (   0 filtered)
Number of warnings :   24 (   0 filtered)
Number of infos    :    0 (   0 filtered)

