Release 14.7 - xst P.20131013 (nt)
Copyright (c) 1995-2013 Xilinx, Inc.  All rights reserved.
--> Parameter TMPDIR set to xst/projnav.tmp


Total REAL time to Xst completion: 1.00 secs
Total CPU time to Xst completion: 0.09 secs
 
--> Parameter xsthdpdir set to xst


Total REAL time to Xst completion: 1.00 secs
Total CPU time to Xst completion: 0.10 secs
 
--> Reading design: disp_mux_bh.prj

TABLE OF CONTENTS
  1) Synthesis Options Summary
  2) HDL Compilation
  3) Design Hierarchy Analysis
  4) HDL Analysis
  5) HDL Synthesis
     5.1) HDL Synthesis Report
  6) Advanced HDL Synthesis
     6.1) Advanced HDL Synthesis Report
  7) Low Level Synthesis
  8) Partition Report
  9) Final Report
	9.1) Device utilization summary
	9.2) Partition Resource Summary
	9.3) TIMING REPORT


=========================================================================
*                      Synthesis Options Summary                        *
=========================================================================
---- Source Parameters
Input File Name                    : "disp_mux_bh.prj"
Input Format                       : mixed
Ignore Synthesis Constraint File   : NO

---- Target Parameters
Output File Name                   : "disp_mux_bh"
Output Format                      : NGC
Target Device                      : xc3s100e-4-cp132

---- Source Options
Top Module Name                    : disp_mux_bh
Automatic FSM Extraction           : YES
FSM Encoding Algorithm             : Auto
Safe Implementation                : No
FSM Style                          : LUT
RAM Extraction                     : Yes
RAM Style                          : Auto
ROM Extraction                     : Yes
Mux Style                          : Auto
Decoder Extraction                 : YES
Priority Encoder Extraction        : Yes
Shift Register Extraction          : YES
Logical Shifter Extraction         : YES
XOR Collapsing                     : YES
ROM Style                          : Auto
Mux Extraction                     : Yes
Resource Sharing                   : YES
Asynchronous To Synchronous        : NO
Multiplier Style                   : Auto
Automatic Register Balancing       : No

---- Target Options
Add IO Buffers                     : YES
Global Maximum Fanout              : 100000
Add Generic Clock Buffer(BUFG)     : 24
Register Duplication               : YES
Slice Packing                      : YES
Optimize Instantiated Primitives   : NO
Use Clock Enable                   : Yes
Use Synchronous Set                : Yes
Use Synchronous Reset              : Yes
Pack IO Registers into IOBs        : Auto
Equivalent register Removal        : YES

---- General Options
Optimization Goal                  : Speed
Optimization Effort                : 1
Keep Hierarchy                     : No
Netlist Hierarchy                  : As_Optimized
RTL Output                         : Yes
Global Optimization                : AllClockNets
Read Cores                         : YES
Write Timing Constraints           : NO
Cross Clock Analysis               : NO
Hierarchy Separator                : /
Bus Delimiter                      : <>
Case Specifier                     : Maintain
Slice Utilization Ratio            : 100
BRAM Utilization Ratio             : 100
Verilog 2001                       : YES
Auto BRAM Packing                  : NO
Slice Utilization Ratio Delta      : 5

=========================================================================


=========================================================================
*                          HDL Compilation                              *
=========================================================================
Compiling verilog file "disp_mux_bh.v" in library work
Compiling verilog file "Flight_Attendant_Call_Schematic.vf" in library work
Module <disp_mux_bh> compiled
Module <Flight_Attendant_Call_Schematic> compiled
No errors in compilation
Analysis of file <"disp_mux_bh.prj"> succeeded.
 

=========================================================================
*                     Design Hierarchy Analysis                         *
=========================================================================
Analyzing hierarchy for module <disp_mux_bh> in library <work>.


=========================================================================
*                            HDL Analysis                               *
=========================================================================
Analyzing top module <disp_mux_bh>.
Module <disp_mux_bh> is correct for synthesis.
 

=========================================================================
*                           HDL Synthesis                               *
=========================================================================

Performing bidirectional port resolution...

Synthesizing Unit <disp_mux_bh>.
    Related source file is "disp_mux_bh.v".
    Found 4x4-bit ROM for signal <an>.
    Found 8-bit 4-to-1 multiplexer for signal <sseg>.
    Found 17-bit up counter for signal <r_qreg>.
    Summary:
	inferred   1 ROM(s).
	inferred   1 Counter(s).
	inferred   8 Multiplexer(s).
Unit <disp_mux_bh> synthesized.


=========================================================================
HDL Synthesis Report

Macro Statistics
# ROMs                                                 : 1
 4x4-bit ROM                                           : 1
# Counters                                             : 1
 17-bit up counter                                     : 1
# Multiplexers                                         : 1
 8-bit 4-to-1 multiplexer                              : 1

=========================================================================

=========================================================================
*                       Advanced HDL Synthesis                          *
=========================================================================


=========================================================================
Advanced HDL Synthesis Report

Macro Statistics
# ROMs                                                 : 1
 4x4-bit ROM                                           : 1
# Counters                                             : 1
 17-bit up counter                                     : 1
# Multiplexers                                         : 1
 8-bit 4-to-1 multiplexer                              : 1

=========================================================================

=========================================================================
*                         Low Level Synthesis                           *
=========================================================================
WARNING:Xst:2677 - Node <r_qreg_2> of sequential type is unconnected in block <disp_mux_bh>.
WARNING:Xst:2677 - Node <r_qreg_3> of sequential type is unconnected in block <disp_mux_bh>.
WARNING:Xst:2677 - Node <r_qreg_4> of sequential type is unconnected in block <disp_mux_bh>.
WARNING:Xst:2677 - Node <r_qreg_5> of sequential type is unconnected in block <disp_mux_bh>.
WARNING:Xst:2677 - Node <r_qreg_6> of sequential type is unconnected in block <disp_mux_bh>.
WARNING:Xst:2677 - Node <r_qreg_7> of sequential type is unconnected in block <disp_mux_bh>.
WARNING:Xst:2677 - Node <r_qreg_8> of sequential type is unconnected in block <disp_mux_bh>.
WARNING:Xst:2677 - Node <r_qreg_9> of sequential type is unconnected in block <disp_mux_bh>.
WARNING:Xst:2677 - Node <r_qreg_10> of sequential type is unconnected in block <disp_mux_bh>.
WARNING:Xst:2677 - Node <r_qreg_11> of sequential type is unconnected in block <disp_mux_bh>.
WARNING:Xst:2677 - Node <r_qreg_12> of sequential type is unconnected in block <disp_mux_bh>.
WARNING:Xst:2677 - Node <r_qreg_13> of sequential type is unconnected in block <disp_mux_bh>.
WARNING:Xst:2677 - Node <r_qreg_14> of sequential type is unconnected in block <disp_mux_bh>.
WARNING:Xst:2677 - Node <r_qreg_15> of sequential type is unconnected in block <disp_mux_bh>.
WARNING:Xst:2677 - Node <r_qreg_16> of sequential type is unconnected in block <disp_mux_bh>.

Optimizing unit <disp_mux_bh> ...

Mapping all equations...
Building and optimizing final netlist ...
Found area constraint ratio of 100 (+ 5) on block disp_mux_bh, actual ratio is 1.
FlipFlop r_qreg_0 has been replicated 1 time(s)

Final Macro Processing ...

=========================================================================
Final Register Report

Macro Statistics
# Registers                                            : 3
 Flip-Flops                                            : 3

=========================================================================

=========================================================================
*                           Partition Report                            *
=========================================================================

Partition Implementation Status
-------------------------------

  No Partitions were found in this design.

-------------------------------

=========================================================================
*                            Final Report                               *
=========================================================================
Final Results
RTL Top Level Output File Name     : disp_mux_bh.ngr
Top Level Output File Name         : disp_mux_bh
Output Format                      : NGC
Optimization Goal                  : Speed
Keep Hierarchy                     : No

Design Statistics
# IOs                              : 45

Cell Usage :
# BELS                             : 35
#      GND                         : 1
#      INV                         : 1
#      LUT1                        : 1
#      LUT2                        : 4
#      LUT3                        : 16
#      MUXCY                       : 1
#      MUXF5                       : 8
#      VCC                         : 1
#      XORCY                       : 2
# FlipFlops/Latches                : 3
#      FD                          : 3
# Clock Buffers                    : 1
#      BUFGP                       : 1
# IO Buffers                       : 44
#      IBUF                        : 32
#      OBUF                        : 12
=========================================================================

Device utilization summary:
---------------------------

Selected Device : 3s100ecp132-4 

 Number of Slices:                       11  out of    960     1%  
 Number of Slice Flip Flops:              3  out of   1920     0%  
 Number of 4 input LUTs:                 22  out of   1920     1%  
 Number of IOs:                          45
 Number of bonded IOBs:                  45  out of     83    54%  
 Number of GCLKs:                         1  out of     24     4%  

---------------------------
Partition Resource Summary:
---------------------------

  No Partitions were found in this design.

---------------------------


=========================================================================
TIMING REPORT

NOTE: THESE TIMING NUMBERS ARE ONLY A SYNTHESIS ESTIMATE.
      FOR ACCURATE TIMING INFORMATION PLEASE REFER TO THE TRACE REPORT
      GENERATED AFTER PLACE-and-ROUTE.

Clock Information:
------------------
-----------------------------------+------------------------+-------+
Clock Signal                       | Clock buffer(FF name)  | Load  |
-----------------------------------+------------------------+-------+
clk                                | BUFGP                  | 3     |
-----------------------------------+------------------------+-------+

Asynchronous Control Signals Information:
----------------------------------------
No asynchronous control signals found in this design

Timing Summary:
---------------
Speed Grade: -4

   Minimum period: 3.291ns (Maximum Frequency: 303.859MHz)
   Minimum input arrival time before clock: No path found
   Maximum output required time after clock: 6.585ns
   Maximum combinational path delay: 6.434ns

Timing Detail:
--------------
All values displayed in nanoseconds (ns)

=========================================================================
Timing constraint: Default period analysis for Clock 'clk'
  Clock period: 3.291ns (frequency: 303.859MHz)
  Total number of paths / destination ports: 4 / 3
-------------------------------------------------------------------------
Delay:               3.291ns (Levels of Logic = 3)
  Source:            r_qreg_0_1 (FF)
  Destination:       r_qreg_1 (FF)
  Source Clock:      clk rising
  Destination Clock: clk rising

  Data Path: r_qreg_0_1 to r_qreg_1
                                Gate     Net
    Cell:in->out      fanout   Delay   Delay  Logical Name (Net Name)
    ----------------------------------------  ------------
     FD:C->Q               1   0.591   0.420  r_qreg_0_1 (r_qreg_0_1)
     INV:I->O              1   0.704   0.000  Mcount_r_qreg_lut<0>_INV_0 (Mcount_r_qreg_lut<0>)
     MUXCY:S->O            0   0.464   0.000  Mcount_r_qreg_cy<0> (Mcount_r_qreg_cy<0>)
     XORCY:CI->O           1   0.804   0.000  Mcount_r_qreg_xor<1> (Result<1>)
     FD:D                      0.308          r_qreg_1
    ----------------------------------------
    Total                      3.291ns (2.871ns logic, 0.420ns route)
                                       (87.2% logic, 12.8% route)

=========================================================================
Timing constraint: Default OFFSET OUT AFTER for Clock 'clk'
  Total number of paths / destination ports: 32 / 12
-------------------------------------------------------------------------
Offset:              6.585ns (Levels of Logic = 3)
  Source:            r_qreg_0 (FF)
  Destination:       sseg<7> (PAD)
  Source Clock:      clk rising

  Data Path: r_qreg_0 to sseg<7>
                                Gate     Net
    Cell:in->out      fanout   Delay   Delay  Logical Name (Net Name)
    ----------------------------------------  ------------
     FD:C->Q              20   0.591   1.277  r_qreg_0 (r_qreg_0)
     LUT3:I0->O            1   0.704   0.000  Mmux_sseg_3 (Mmux_sseg_3)
     MUXF5:I1->O           1   0.321   0.420  Mmux_sseg_2_f5 (sseg_0_OBUF)
     OBUF:I->O                 3.272          sseg_0_OBUF (sseg<0>)
    ----------------------------------------
    Total                      6.585ns (4.888ns logic, 1.697ns route)
                                       (74.2% logic, 25.8% route)

=========================================================================
Timing constraint: Default path analysis
  Total number of paths / destination ports: 32 / 8
-------------------------------------------------------------------------
Delay:               6.434ns (Levels of Logic = 4)
  Source:            in0<7> (PAD)
  Destination:       sseg<7> (PAD)

  Data Path: in0<7> to sseg<7>
                                Gate     Net
    Cell:in->out      fanout   Delay   Delay  Logical Name (Net Name)
    ----------------------------------------  ------------
     IBUF:I->O             1   1.218   0.499  in0_7_IBUF (in0_7_IBUF)
     LUT3:I1->O            1   0.704   0.000  Mmux_sseg_47 (Mmux_sseg_47)
     MUXF5:I0->O           1   0.321   0.420  Mmux_sseg_2_f5_6 (sseg_7_OBUF)
     OBUF:I->O                 3.272          sseg_7_OBUF (sseg<7>)
    ----------------------------------------
    Total                      6.434ns (5.515ns logic, 0.919ns route)
                                       (85.7% logic, 14.3% route)

=========================================================================


Total REAL time to Xst completion: 4.00 secs
Total CPU time to Xst completion: 3.24 secs
 
--> 

Total memory usage is 267708 kilobytes

Number of errors   :    0 (   0 filtered)
Number of warnings :   15 (   0 filtered)
Number of infos    :    0 (   0 filtered)

