Release 14.7 - xst P.20131013 (nt)
Copyright (c) 1995-2013 Xilinx, Inc.  All rights reserved.
--> Parameter TMPDIR set to xst/projnav.tmp


Total REAL time to Xst completion: 0.00 secs
Total CPU time to Xst completion: 0.34 secs
 
--> Parameter xsthdpdir set to xst


Total REAL time to Xst completion: 0.00 secs
Total CPU time to Xst completion: 0.35 secs
 
--> Reading design: Rising_Edge_Detector.prj

TABLE OF CONTENTS
  1) Synthesis Options Summary
  2) HDL Compilation
  3) Design Hierarchy Analysis
  4) HDL Analysis
  5) HDL Synthesis
     5.1) HDL Synthesis Report
  6) Advanced HDL Synthesis
     6.1) Advanced HDL Synthesis Report
  7) Low Level Synthesis
  8) Partition Report
  9) Final Report
	9.1) Device utilization summary
	9.2) Partition Resource Summary
	9.3) TIMING REPORT


=========================================================================
*                      Synthesis Options Summary                        *
=========================================================================
---- Source Parameters
Input File Name                    : "Rising_Edge_Detector.prj"
Input Format                       : mixed
Ignore Synthesis Constraint File   : NO

---- Target Parameters
Output File Name                   : "Rising_Edge_Detector"
Output Format                      : NGC
Target Device                      : xc3s100e-4-cp132

---- Source Options
Top Module Name                    : Rising_Edge_Detector
Automatic FSM Extraction           : YES
FSM Encoding Algorithm             : Auto
Safe Implementation                : No
FSM Style                          : LUT
RAM Extraction                     : Yes
RAM Style                          : Auto
ROM Extraction                     : Yes
Mux Style                          : Auto
Decoder Extraction                 : YES
Priority Encoder Extraction        : Yes
Shift Register Extraction          : YES
Logical Shifter Extraction         : YES
XOR Collapsing                     : YES
ROM Style                          : Auto
Mux Extraction                     : Yes
Resource Sharing                   : YES
Asynchronous To Synchronous        : NO
Multiplier Style                   : Auto
Automatic Register Balancing       : No

---- Target Options
Add IO Buffers                     : YES
Global Maximum Fanout              : 100000
Add Generic Clock Buffer(BUFG)     : 24
Register Duplication               : YES
Slice Packing                      : YES
Optimize Instantiated Primitives   : NO
Use Clock Enable                   : Yes
Use Synchronous Set                : Yes
Use Synchronous Reset              : Yes
Pack IO Registers into IOBs        : Auto
Equivalent register Removal        : YES

---- General Options
Optimization Goal                  : Speed
Optimization Effort                : 1
Keep Hierarchy                     : No
Netlist Hierarchy                  : As_Optimized
RTL Output                         : Yes
Global Optimization                : AllClockNets
Read Cores                         : YES
Write Timing Constraints           : NO
Cross Clock Analysis               : NO
Hierarchy Separator                : /
Bus Delimiter                      : <>
Case Specifier                     : Maintain
Slice Utilization Ratio            : 100
BRAM Utilization Ratio             : 100
Verilog 2001                       : YES
Auto BRAM Packing                  : NO
Slice Utilization Ratio Delta      : 5

=========================================================================


=========================================================================
*                          HDL Compilation                              *
=========================================================================
Compiling verilog file "clkdiv.v" in library work
Compiling verilog file "Rising_Edge_Detector.v" in library work
Module <clkdiv> compiled
Compiling verilog file "Flight_Attendant_Call_Schematic.vf" in library work
Module <Rising_Edge_Detector> compiled
Module <Flight_Attendant_Call_Schematic> compiled
No errors in compilation
Analysis of file <"Rising_Edge_Detector.prj"> succeeded.
 

=========================================================================
*                     Design Hierarchy Analysis                         *
=========================================================================
Analyzing hierarchy for module <Rising_Edge_Detector> in library <work> with parameters.
	CHANGE = "00000000000000000000000000000001"
	ONE = "00000000000000000000000000000010"
	ZERO = "00000000000000000000000000000000"

Analyzing hierarchy for module <clkdiv> in library <work>.


=========================================================================
*                            HDL Analysis                               *
=========================================================================
Analyzing top module <Rising_Edge_Detector>.
	CHANGE = 32'b00000000000000000000000000000001
	ONE = 32'b00000000000000000000000000000010
	ZERO = 32'b00000000000000000000000000000000
Module <Rising_Edge_Detector> is correct for synthesis.
 
Analyzing module <clkdiv> in library <work>.
Module <clkdiv> is correct for synthesis.
 

=========================================================================
*                           HDL Synthesis                               *
=========================================================================

Performing bidirectional port resolution...

Synthesizing Unit <clkdiv>.
    Related source file is "clkdiv.v".
    Found 26-bit up counter for signal <COUNT>.
    Summary:
	inferred   1 Counter(s).
Unit <clkdiv> synthesized.


Synthesizing Unit <Rising_Edge_Detector>.
    Related source file is "Rising_Edge_Detector.v".
    Found finite state machine <FSM_0> for signal <r_state>.
    -----------------------------------------------------------------------
    | States             | 3                                              |
    | Transitions        | 3                                              |
    | Inputs             | 0                                              |
    | Outputs            | 1                                              |
    | Clock              | slow_clk                  (rising_edge)        |
    | Reset              | signal                    (negative)           |
    | Reset type         | synchronous                                    |
    | Reset State        | 00                                             |
    | Encoding           | automatic                                      |
    | Implementation     | LUT                                            |
    -----------------------------------------------------------------------
    Summary:
	inferred   1 Finite State Machine(s).
Unit <Rising_Edge_Detector> synthesized.


=========================================================================
HDL Synthesis Report

Macro Statistics
# Counters                                             : 1
 26-bit up counter                                     : 1

=========================================================================

=========================================================================
*                       Advanced HDL Synthesis                          *
=========================================================================

Analyzing FSM <FSM_0> for best encoding.
Optimizing FSM <r_state/FSM> on signal <r_state[1:3]> with one-hot encoding.
-------------------
 State | Encoding
-------------------
 00    | 010
 01    | 001
 10    | 100
-------------------

=========================================================================
Advanced HDL Synthesis Report

Macro Statistics
# FSMs                                                 : 1
# Counters                                             : 1
 26-bit up counter                                     : 1

=========================================================================

=========================================================================
*                         Low Level Synthesis                           *
=========================================================================

Optimizing unit <Rising_Edge_Detector> ...

Mapping all equations...
Building and optimizing final netlist ...
Found area constraint ratio of 100 (+ 5) on block Rising_Edge_Detector, actual ratio is 1.

Final Macro Processing ...

=========================================================================
Final Register Report

Macro Statistics
# Registers                                            : 28
 Flip-Flops                                            : 28

=========================================================================

=========================================================================
*                           Partition Report                            *
=========================================================================

Partition Implementation Status
-------------------------------

  No Partitions were found in this design.

-------------------------------

=========================================================================
*                            Final Report                               *
=========================================================================
Final Results
RTL Top Level Output File Name     : Rising_Edge_Detector.ngr
Top Level Output File Name         : Rising_Edge_Detector
Output Format                      : NGC
Optimization Goal                  : Speed
Keep Hierarchy                     : No

Design Statistics
# IOs                              : 3

Cell Usage :
# BELS                             : 80
#      GND                         : 1
#      INV                         : 2
#      LUT1                        : 25
#      MUXCY                       : 25
#      VCC                         : 1
#      XORCY                       : 26
# FlipFlops/Latches                : 28
#      FD                          : 26
#      FDR                         : 1
#      FDS                         : 1
# Clock Buffers                    : 1
#      BUFGP                       : 1
# IO Buffers                       : 2
#      IBUF                        : 1
#      OBUF                        : 1
=========================================================================

Device utilization summary:
---------------------------

Selected Device : 3s100ecp132-4 

 Number of Slices:                       15  out of    960     1%  
 Number of Slice Flip Flops:             28  out of   1920     1%  
 Number of 4 input LUTs:                 27  out of   1920     1%  
 Number of IOs:                           3
 Number of bonded IOBs:                   3  out of     83     3%  
 Number of GCLKs:                         1  out of     24     4%  

---------------------------
Partition Resource Summary:
---------------------------

  No Partitions were found in this design.

---------------------------


=========================================================================
TIMING REPORT

NOTE: THESE TIMING NUMBERS ARE ONLY A SYNTHESIS ESTIMATE.
      FOR ACCURATE TIMING INFORMATION PLEASE REFER TO THE TRACE REPORT
      GENERATED AFTER PLACE-and-ROUTE.

Clock Information:
------------------
-----------------------------------+------------------------+-------+
Clock Signal                       | Clock buffer(FF name)  | Load  |
-----------------------------------+------------------------+-------+
c1/COUNT_25                        | NONE(r_state_FSM_FFd2) | 2     |
clk                                | BUFGP                  | 26    |
-----------------------------------+------------------------+-------+
INFO:Xst:2169 - HDL ADVISOR - Some clock signals were not automatically buffered by XST with BUFG/BUFR resources. Please use the buffer_type constraint in order to insert these buffers to the clock signals to help prevent skew problems.

Asynchronous Control Signals Information:
----------------------------------------
No asynchronous control signals found in this design

Timing Summary:
---------------
Speed Grade: -4

   Minimum period: 4.823ns (Maximum Frequency: 207.340MHz)
   Minimum input arrival time before clock: 3.700ns
   Maximum output required time after clock: 4.283ns
   Maximum combinational path delay: No path found

Timing Detail:
--------------
All values displayed in nanoseconds (ns)

=========================================================================
Timing constraint: Default period analysis for Clock 'c1/COUNT_25'
  Clock period: 1.319ns (frequency: 758.150MHz)
  Total number of paths / destination ports: 1 / 1
-------------------------------------------------------------------------
Delay:               1.319ns (Levels of Logic = 0)
  Source:            r_state_FSM_FFd2 (FF)
  Destination:       r_state_FSM_FFd3 (FF)
  Source Clock:      c1/COUNT_25 rising
  Destination Clock: c1/COUNT_25 rising

  Data Path: r_state_FSM_FFd2 to r_state_FSM_FFd3
                                Gate     Net
    Cell:in->out      fanout   Delay   Delay  Logical Name (Net Name)
    ----------------------------------------  ------------
     FDS:C->Q              1   0.591   0.420  r_state_FSM_FFd2 (r_state_FSM_FFd2)
     FDR:D                     0.308          r_state_FSM_FFd3
    ----------------------------------------
    Total                      1.319ns (0.899ns logic, 0.420ns route)
                                       (68.2% logic, 31.8% route)

=========================================================================
Timing constraint: Default period analysis for Clock 'clk'
  Clock period: 4.823ns (frequency: 207.340MHz)
  Total number of paths / destination ports: 351 / 26
-------------------------------------------------------------------------
Delay:               4.823ns (Levels of Logic = 26)
  Source:            c1/COUNT_1 (FF)
  Destination:       c1/COUNT_25 (FF)
  Source Clock:      clk rising
  Destination Clock: clk rising

  Data Path: c1/COUNT_1 to c1/COUNT_25
                                Gate     Net
    Cell:in->out      fanout   Delay   Delay  Logical Name (Net Name)
    ----------------------------------------  ------------
     FD:C->Q               1   0.591   0.595  c1/COUNT_1 (c1/COUNT_1)
     LUT1:I0->O            1   0.704   0.000  c1/Mcount_COUNT_cy<1>_rt (c1/Mcount_COUNT_cy<1>_rt)
     MUXCY:S->O            1   0.464   0.000  c1/Mcount_COUNT_cy<1> (c1/Mcount_COUNT_cy<1>)
     MUXCY:CI->O           1   0.059   0.000  c1/Mcount_COUNT_cy<2> (c1/Mcount_COUNT_cy<2>)
     MUXCY:CI->O           1   0.059   0.000  c1/Mcount_COUNT_cy<3> (c1/Mcount_COUNT_cy<3>)
     MUXCY:CI->O           1   0.059   0.000  c1/Mcount_COUNT_cy<4> (c1/Mcount_COUNT_cy<4>)
     MUXCY:CI->O           1   0.059   0.000  c1/Mcount_COUNT_cy<5> (c1/Mcount_COUNT_cy<5>)
     MUXCY:CI->O           1   0.059   0.000  c1/Mcount_COUNT_cy<6> (c1/Mcount_COUNT_cy<6>)
     MUXCY:CI->O           1   0.059   0.000  c1/Mcount_COUNT_cy<7> (c1/Mcount_COUNT_cy<7>)
     MUXCY:CI->O           1   0.059   0.000  c1/Mcount_COUNT_cy<8> (c1/Mcount_COUNT_cy<8>)
     MUXCY:CI->O           1   0.059   0.000  c1/Mcount_COUNT_cy<9> (c1/Mcount_COUNT_cy<9>)
     MUXCY:CI->O           1   0.059   0.000  c1/Mcount_COUNT_cy<10> (c1/Mcount_COUNT_cy<10>)
     MUXCY:CI->O           1   0.059   0.000  c1/Mcount_COUNT_cy<11> (c1/Mcount_COUNT_cy<11>)
     MUXCY:CI->O           1   0.059   0.000  c1/Mcount_COUNT_cy<12> (c1/Mcount_COUNT_cy<12>)
     MUXCY:CI->O           1   0.059   0.000  c1/Mcount_COUNT_cy<13> (c1/Mcount_COUNT_cy<13>)
     MUXCY:CI->O           1   0.059   0.000  c1/Mcount_COUNT_cy<14> (c1/Mcount_COUNT_cy<14>)
     MUXCY:CI->O           1   0.059   0.000  c1/Mcount_COUNT_cy<15> (c1/Mcount_COUNT_cy<15>)
     MUXCY:CI->O           1   0.059   0.000  c1/Mcount_COUNT_cy<16> (c1/Mcount_COUNT_cy<16>)
     MUXCY:CI->O           1   0.059   0.000  c1/Mcount_COUNT_cy<17> (c1/Mcount_COUNT_cy<17>)
     MUXCY:CI->O           1   0.059   0.000  c1/Mcount_COUNT_cy<18> (c1/Mcount_COUNT_cy<18>)
     MUXCY:CI->O           1   0.059   0.000  c1/Mcount_COUNT_cy<19> (c1/Mcount_COUNT_cy<19>)
     MUXCY:CI->O           1   0.059   0.000  c1/Mcount_COUNT_cy<20> (c1/Mcount_COUNT_cy<20>)
     MUXCY:CI->O           1   0.059   0.000  c1/Mcount_COUNT_cy<21> (c1/Mcount_COUNT_cy<21>)
     MUXCY:CI->O           1   0.059   0.000  c1/Mcount_COUNT_cy<22> (c1/Mcount_COUNT_cy<22>)
     MUXCY:CI->O           1   0.059   0.000  c1/Mcount_COUNT_cy<23> (c1/Mcount_COUNT_cy<23>)
     MUXCY:CI->O           0   0.059   0.000  c1/Mcount_COUNT_cy<24> (c1/Mcount_COUNT_cy<24>)
     XORCY:CI->O           1   0.804   0.000  c1/Mcount_COUNT_xor<25> (Result<25>)
     FD:D                      0.308          c1/COUNT_25
    ----------------------------------------
    Total                      4.823ns (4.228ns logic, 0.595ns route)
                                       (87.7% logic, 12.3% route)

=========================================================================
Timing constraint: Default OFFSET IN BEFORE for Clock 'c1/COUNT_25'
  Total number of paths / destination ports: 2 / 2
-------------------------------------------------------------------------
Offset:              3.700ns (Levels of Logic = 2)
  Source:            signal (PAD)
  Destination:       r_state_FSM_FFd2 (FF)
  Destination Clock: c1/COUNT_25 rising

  Data Path: signal to r_state_FSM_FFd2
                                Gate     Net
    Cell:in->out      fanout   Delay   Delay  Logical Name (Net Name)
    ----------------------------------------  ------------
     IBUF:I->O             1   1.218   0.420  signal_IBUF (signal_IBUF)
     INV:I->O              2   0.704   0.447  r_state_FSM_Scst_FSM_inv1_INV_0 (r_state_FSM_Scst_FSM_inv)
     FDS:S                     0.911          r_state_FSM_FFd2
    ----------------------------------------
    Total                      3.700ns (2.833ns logic, 0.867ns route)
                                       (76.6% logic, 23.4% route)

=========================================================================
Timing constraint: Default OFFSET OUT AFTER for Clock 'c1/COUNT_25'
  Total number of paths / destination ports: 1 / 1
-------------------------------------------------------------------------
Offset:              4.283ns (Levels of Logic = 1)
  Source:            r_state_FSM_FFd3 (FF)
  Destination:       outedge (PAD)
  Source Clock:      c1/COUNT_25 rising

  Data Path: r_state_FSM_FFd3 to outedge
                                Gate     Net
    Cell:in->out      fanout   Delay   Delay  Logical Name (Net Name)
    ----------------------------------------  ------------
     FDR:C->Q              1   0.591   0.420  r_state_FSM_FFd3 (r_state_FSM_FFd3)
     OBUF:I->O                 3.272          outedge_OBUF (outedge)
    ----------------------------------------
    Total                      4.283ns (3.863ns logic, 0.420ns route)
                                       (90.2% logic, 9.8% route)

=========================================================================


Total REAL time to Xst completion: 4.00 secs
Total CPU time to Xst completion: 4.36 secs
 
--> 

Total memory usage is 268220 kilobytes

Number of errors   :    0 (   0 filtered)
Number of warnings :    0 (   0 filtered)
Number of infos    :    1 (   0 filtered)

