--------------------------------------------------------------------------------
Release 14.7 Trace  (nt)
Copyright (c) 1995-2013 Xilinx, Inc.  All rights reserved.

C:\Xilinx\14.7\ISE_DS\ISE\bin\nt\unwrapped\trce.exe -intstyle ise -v 3 -s 4 -n
3 -fastpaths -xml traffic_light_schematic.twx traffic_light_schematic.ncd -o
traffic_light_schematic.twr traffic_light_schematic.pcf

Design file:              traffic_light_schematic.ncd
Physical constraint file: traffic_light_schematic.pcf
Device,package,speed:     xc3s100e,cp132,-4 (PRODUCTION 1.27 2013-10-13)
Report level:             verbose report

Environment Variable      Effect 
--------------------      ------ 
NONE                      No environment variables were set
--------------------------------------------------------------------------------

INFO:Timing:2698 - No timing constraints found, doing default enumeration.
INFO:Timing:3412 - To improve timing, see the Timing Closure User Guide (UG612).
INFO:Timing:2752 - To get complete path coverage, use the unconstrained paths 
   option. All paths that are not constrained will be reported in the 
   unconstrained paths section(s) of the report.
INFO:Timing:3339 - The clock-to-out numbers in this timing report are based on 
   a 50 Ohm transmission line loading model.  For the details of this model, 
   and for more information on accounting for different loading conditions, 
   please see the device datasheet.
INFO:Timing:3390 - This architecture does not support a default System Jitter 
   value, please add SYSTEM_JITTER constraint to the UCF to modify the Clock 
   Uncertainty calculation.
INFO:Timing:3389 - This architecture does not support 'Discrete Jitter' and 
   'Phase Error' calculations, these terms will be zero in the Clock 
   Uncertainty calculation.  Please make appropriate modification to 
   SYSTEM_JITTER to account for the unsupported Discrete Jitter and Phase 
   Error.



Data Sheet report:
-----------------
All values displayed in nanoseconds (ns)

Pad to Pad
---------------+---------------+---------+
Source Pad     |Destination Pad|  Delay  |
---------------+---------------+---------+
Button         |LightOne       |   11.502|
Button         |LightThree     |   11.319|
Button         |LightTwo       |   11.324|
Button         |LightZero      |   11.402|
S0             |LightOne       |   11.495|
S0             |LightThree     |   11.312|
S0             |LightTwo       |   11.317|
S0             |LightZero      |   11.395|
S1             |LightOne       |   11.277|
S1             |LightThree     |   11.094|
S1             |LightTwo       |   11.099|
S1             |LightZero      |   11.177|
S2             |LightOne       |   11.326|
S2             |LightThree     |   11.143|
S2             |LightTwo       |   11.148|
S2             |LightZero      |   11.226|
Timer          |LightOne       |   10.907|
Timer          |LightThree     |   10.724|
Timer          |LightTwo       |   10.729|
Timer          |LightZero      |   10.807|
---------------+---------------+---------+


Analysis completed Fri Mar 15 13:27:14 2019 
--------------------------------------------------------------------------------

Trace Settings:
-------------------------
Trace Settings 

Peak Memory Usage: 130 MB



