Command line:
   structural_sprinkler_tb_isim_beh.exe
     -simmode  gui
     -simrunnum  0
     -socket  58511

Wed Jan 16 16:55:19 2019


 Elaboration Time: 0.0625 sec

 Current Memory Usage: 1006.2 Meg

 Total Signals          : 33
 Total Nets             : 25
 Total Signal Drivers   : 17
 Total Blocks           : 3
 Total Primitive Blocks : 2
 Total Processes        : 19
 Total Traceable Variables  : 22
 Total Scalar Nets and Variables : 109
Total Line Count : 63

 Total Simulation Time: 0.125 sec

 Current Memory Usage: 1007.25 Meg

Wed Jan 16 16:55:39 2019

